<?xml version="1.0" encoding="UTF-8"?>
<testsuite name="mancala.AyoRulesTest" tests="4" skipped="0" failures="0" errors="0" timestamp="2024-01-11T06:46:55" hostname="Aymanns-MBP" time="0.013">
  <properties/>
  <testcase name="testCaptureStonesNonEmptyTarget()" classname="mancala.AyoRulesTest" time="0.009"/>
  <testcase name="testMoveStonesOneMove()" classname="mancala.AyoRulesTest" time="0.001"/>
  <testcase name="testDistributeStonesSingleMove()" classname="mancala.AyoRulesTest" time="0.001"/>
  <testcase name="testMoveStonesMultiMove()" classname="mancala.AyoRulesTest" time="0.001"/>
  <system-out><![CDATA[]]></system-out>
  <system-err><![CDATA[]]></system-err>
</testsuite>
